# JRE version: Java(TM) SE Runtime Environment (8.0_131-b11) (build 1.8.0_131-b11)
# Java VM: Java HotSpot(TM) 64-Bit Server VM (25.131-b11 mixed mode windows-amd64 compressed oops)
Heap:
 PSYoungGen      total 228864K, used 88489K [0x00000000d6780000, 0x00000000e7d80000, 0x0000000100000000)
  eden space 210944K, 41% used [0x00000000d6780000,0x00000000dbdea748,0x00000000e3580000)
  from space 17920K, 0% used [0x00000000e4680000,0x00000000e4680000,0x00000000e5800000)
  to   space 17408K, 0% used [0x00000000e3580000,0x00000000e3580000,0x00000000e4680000)
 ParOldGen       total 153600K, used 42523K [0x0000000083600000, 0x000000008cc00000, 0x00000000d6780000)
  object space 153600K, 27% used [0x0000000083600000,0x0000000085f86ec8,0x000000008cc00000)
 Metaspace       used 65055K, capacity 67510K, committed 67736K, reserved 1107968K
  class space    used 8049K, capacity 8547K, committed 8624K, reserved 1048576K
GC Heap History (10 events):
Event: 32.832 GC heap before
{Heap before GC invocations=11 (full 1):
 PSYoungGen      total 142848K, used 112022K [0x00000000d6780000, 0x00000000e4d00000, 0x0000000100000000)
  eden space 130048K, 86% used [0x00000000d6780000,0x00000000dd4e5978,0x00000000de680000)
  from space 12800K, 0% used [0x00000000de680000,0x00000000de680000,0x00000000df300000)
  to   space 13312K, 0% used [0x00000000e4000000,0x00000000e4000000,0x00000000e4d00000)
 ParOldGen       total 76800K, used 24546K [0x0000000083600000, 0x0000000088100000, 0x00000000d6780000)
  object space 76800K, 31% used [0x0000000083600000,0x0000000084df8b40,0x0000000088100000)
 Metaspace       used 34281K, capacity 35314K, committed 35496K, reserved 1081344K
  class space    used 4274K, capacity 4553K, committed 4656K, reserved 1048576K
Event: 32.916 GC heap after
Heap after GC invocations=11 (full 1):
 PSYoungGen      total 185856K, used 13281K [0x00000000d6780000, 0x00000000e4d00000, 0x0000000100000000)
  eden space 172544K, 0% used [0x00000000d6780000,0x00000000d6780000,0x00000000e1000000)
  from space 13312K, 99% used [0x00000000e4000000,0x00000000e4cf8418,0x00000000e4d00000)
  to   space 14848K, 0% used [0x00000000e3000000,0x00000000e3000000,0x00000000e3e80000)
 ParOldGen       total 76800K, used 26109K [0x0000000083600000, 0x0000000088100000, 0x00000000d6780000)
  object space 76800K, 33% used [0x0000000083600000,0x0000000084f7f438,0x0000000088100000)
 Metaspace       used 34281K, capacity 35314K, committed 35496K, reserved 1081344K
  class space    used 4274K, capacity 4553K, committed 4656K, reserved 1048576K
}
Event: 32.916 GC heap before
{Heap before GC invocations=12 (full 2):
 PSYoungGen      total 185856K, used 13281K [0x00000000d6780000, 0x00000000e4d00000, 0x0000000100000000)
  eden space 172544K, 0% used [0x00000000d6780000,0x00000000d6780000,0x00000000e1000000)
  from space 13312K, 99% used [0x00000000e4000000,0x00000000e4cf8418,0x00000000e4d00000)
  to   space 14848K, 0% used [0x00000000e3000000,0x00000000e3000000,0x00000000e3e80000)
 ParOldGen       total 76800K, used 26109K [0x0000000083600000, 0x0000000088100000, 0x00000000d6780000)
  object space 76800K, 33% used [0x0000000083600000,0x0000000084f7f438,0x0000000088100000)
 Metaspace       used 34281K, capacity 35314K, committed 35496K, reserved 1081344K
  class space    used 4274K, capacity 4553K, committed 4656K, reserved 1048576K
Event: 33.440 GC heap after
Heap after GC invocations=12 (full 2):
 PSYoungGen      total 185856K, used 0K [0x00000000d6780000, 0x00000000e4d00000, 0x0000000100000000)
  eden space 172544K, 0% used [0x00000000d6780000,0x00000000d6780000,0x00000000e1000000)
  from space 13312K, 0% used [0x00000000e4000000,0x00000000e4000000,0x00000000e4d00000)
  to   space 14848K, 0% used [0x00000000e3000000,0x00000000e3000000,0x00000000e3e80000)
 ParOldGen       total 116224K, used 36130K [0x0000000083600000, 0x000000008a780000, 0x00000000d6780000)
  object space 116224K, 31% used [0x0000000083600000,0x0000000085948b88,0x000000008a780000)
 Metaspace       used 34281K, capacity 35314K, committed 35496K, reserved 1081344K
  class space    used 4274K, capacity 4553K, committed 4656K, reserved 1048576K
}
Event: 41.167 GC heap before
{Heap before GC invocations=13 (full 2):
 PSYoungGen      total 185856K, used 172544K [0x00000000d6780000, 0x00000000e4d00000, 0x0000000100000000)
  eden space 172544K, 100% used [0x00000000d6780000,0x00000000e1000000,0x00000000e1000000)
  from space 13312K, 0% used [0x00000000e4000000,0x00000000e4000000,0x00000000e4d00000)
  to   space 14848K, 0% used [0x00000000e3000000,0x00000000e3000000,0x00000000e3e80000)
 ParOldGen       total 116224K, used 36130K [0x0000000083600000, 0x000000008a780000, 0x00000000d6780000)
  object space 116224K, 31% used [0x0000000083600000,0x0000000085948b88,0x000000008a780000)
 Metaspace       used 48065K, capacity 49982K, committed 50224K, reserved 1093632K
  class space    used 5963K, capacity 6389K, committed 6448K, reserved 1048576K
Event: 41.287 GC heap after
Heap after GC invocations=13 (full 2):
 PSYoungGen      total 220160K, used 14847K [0x00000000d6780000, 0x00000000e5800000, 0x0000000100000000)
  eden space 205312K, 0% used [0x00000000d6780000,0x00000000d6780000,0x00000000e3000000)
  from space 14848K, 99% used [0x00000000e3000000,0x00000000e3e7ff28,0x00000000e3e80000)
  to   space 17920K, 0% used [0x00000000e4680000,0x00000000e4680000,0x00000000e5800000)
 ParOldGen       total 116224K, used 40320K [0x0000000083600000, 0x000000008a780000, 0x00000000d6780000)
  object space 116224K, 34% used [0x0000000083600000,0x0000000085d60038,0x000000008a780000)
 Metaspace       used 48065K, capacity 49982K, committed 50224K, reserved 1093632K
  class space    used 5963K, capacity 6389K, committed 6448K, reserved 1048576K
}
Event: 45.148 GC heap before
{Heap before GC invocations=14 (full 2):
 PSYoungGen      total 220160K, used 114630K [0x00000000d6780000, 0x00000000e5800000, 0x0000000100000000)
  eden space 205312K, 48% used [0x00000000d6780000,0x00000000dc8f1c68,0x00000000e3000000)
  from space 14848K, 99% used [0x00000000e3000000,0x00000000e3e7ff28,0x00000000e3e80000)
  to   space 17920K, 0% used [0x00000000e4680000,0x00000000e4680000,0x00000000e5800000)
 ParOldGen       total 116224K, used 40320K [0x0000000083600000, 0x000000008a780000, 0x00000000d6780000)
  object space 116224K, 34% used [0x0000000083600000,0x0000000085d60038,0x000000008a780000)
 Metaspace       used 56714K, capacity 59036K, committed 59160K, reserved 1101824K
  class space    used 7211K, capacity 7694K, committed 7728K, reserved 1048576K
Event: 45.281 GC heap after
Heap after GC invocations=14 (full 2):
 PSYoungGen      total 228864K, used 9555K [0x00000000d6780000, 0x00000000e7d80000, 0x0000000100000000)
  eden space 210944K, 0% used [0x00000000d6780000,0x00000000d6780000,0x00000000e3580000)
  from space 17920K, 53% used [0x00000000e4680000,0x00000000e4fd4c08,0x00000000e5800000)
  to   space 17408K, 0% used [0x00000000e3580000,0x00000000e3580000,0x00000000e4680000)
 ParOldGen       total 116224K, used 48874K [0x0000000083600000, 0x000000008a780000, 0x00000000d6780000)
  object space 116224K, 42% used [0x0000000083600000,0x00000000865baae0,0x000000008a780000)
 Metaspace       used 56714K, capacity 59036K, committed 59160K, reserved 1101824K
  class space    used 7211K, capacity 7694K, committed 7728K, reserved 1048576K
}
Event: 45.281 GC heap before
{Heap before GC invocations=15 (full 3):
 PSYoungGen      total 228864K, used 9555K [0x00000000d6780000, 0x00000000e7d80000, 0x0000000100000000)
  eden space 210944K, 0% used [0x00000000d6780000,0x00000000d6780000,0x00000000e3580000)
  from space 17920K, 53% used [0x00000000e4680000,0x00000000e4fd4c08,0x00000000e5800000)
  to   space 17408K, 0% used [0x00000000e3580000,0x00000000e3580000,0x00000000e4680000)
 ParOldGen       total 116224K, used 48874K [0x0000000083600000, 0x000000008a780000, 0x00000000d6780000)
  object space 116224K, 42% used [0x0000000083600000,0x00000000865baae0,0x000000008a780000)
 Metaspace       used 56714K, capacity 59036K, committed 59160K, reserved 1101824K
  class space    used 7211K, capacity 7694K, committed 7728K, reserved 1048576K
Event: 46.009 GC heap after
Heap after GC invocations=15 (full 3):
 PSYoungGen      total 228864K, used 0K [0x00000000d6780000, 0x00000000e7d80000, 0x0000000100000000)
  eden space 210944K, 0% used [0x00000000d6780000,0x00000000d6780000,0x00000000e3580000)
  from space 17920K, 0% used [0x00000000e4680000,0x00000000e4680000,0x00000000e5800000)
  to   space 17408K, 0% used [0x00000000e3580000,0x00000000e3580000,0x00000000e4680000)
 ParOldGen       total 153600K, used 42523K [0x0000000083600000, 0x000000008cc00000, 0x00000000d6780000)
  object space 153600K, 27% used [0x0000000083600000,0x0000000085f86ec8,0x000000008cc00000)
 Metaspace       used 56714K, capacity 59036K, committed 59160K, reserved 1101824K
  class space    used 7211K, capacity 7694K, committed 7728K, reserved 1048576K
}

